0 info it worked if it ends with ok
1 verbose cli [ '/usr/bin/node', '/usr/bin/npm', 'i', '-g', 'bower' ]
2 info using npm@3.5.2
3 info using node@v8.10.0
4 silly loadCurrentTree Starting
5 silly install loadCurrentTree
6 silly install readGlobalPackageData
7 silly fetchPackageMetaData bower
8 silly fetchNamedPackageData bower
9 silly mapToRegistry name bower
10 silly mapToRegistry using default registry
11 silly mapToRegistry registry https://registry.npmjs.org/
12 silly mapToRegistry uri https://registry.npmjs.org/bower
13 verbose request uri https://registry.npmjs.org/bower
14 verbose request no auth needed
15 info attempt registry request try #1 at 1:55:20 PM
16 verbose request id 55be540c149a54b1
17 verbose etag W/"61b3059845fc362b6c5ecafb5463483a"
18 verbose lastModified Tue, 01 Jan 2019 10:18:17 GMT
19 http request GET https://registry.npmjs.org/bower
20 http 200 https://registry.npmjs.org/bower
21 verbose headers { date: 'Thu, 31 Jan 2019 08:10:21 GMT',
21 verbose headers   'content-type': 'application/json',
21 verbose headers   'transfer-encoding': 'chunked',
21 verbose headers   connection: 'keep-alive',
21 verbose headers   'set-cookie':
21 verbose headers    [ '__cfduid=d192a644f6ea39fafbe226af43d16137d1548922221; expires=Fri, 31-Jan-20 08:10:21 GMT; path=/; domain=.registry.npmjs.org; HttpOnly' ],
21 verbose headers   'cf-cache-status': 'HIT',
21 verbose headers   'cache-control': 'max-age=300',
21 verbose headers   'cf-ray': '4a1ab38a0f6ea74b-KTM',
21 verbose headers   etag: 'W/"da0e0c09eadcf9130ccb48d4c1e03593"',
21 verbose headers   'expect-ct': 'max-age=604800, report-uri="https://report-uri.cloudflare.com/cdn-cgi/beacon/expect-ct"',
21 verbose headers   'last-modified': 'Wed, 23 Jan 2019 21:37:57 GMT',
21 verbose headers   vary: 'accept-encoding, accept',
21 verbose headers   'x-amz-meta-rev': '1036-c5172b51a7fe7ac3dc65246bc8e59ee2',
21 verbose headers   server: 'cloudflare',
21 verbose headers   'content-encoding': 'gzip' }
22 silly get cb [ 200,
22 silly get   { date: 'Thu, 31 Jan 2019 08:10:21 GMT',
22 silly get     'content-type': 'application/json',
22 silly get     'transfer-encoding': 'chunked',
22 silly get     connection: 'keep-alive',
22 silly get     'set-cookie':
22 silly get      [ '__cfduid=d192a644f6ea39fafbe226af43d16137d1548922221; expires=Fri, 31-Jan-20 08:10:21 GMT; path=/; domain=.registry.npmjs.org; HttpOnly' ],
22 silly get     'cf-cache-status': 'HIT',
22 silly get     'cache-control': 'max-age=300',
22 silly get     'cf-ray': '4a1ab38a0f6ea74b-KTM',
22 silly get     etag: 'W/"da0e0c09eadcf9130ccb48d4c1e03593"',
22 silly get     'expect-ct': 'max-age=604800, report-uri="https://report-uri.cloudflare.com/cdn-cgi/beacon/expect-ct"',
22 silly get     'last-modified': 'Wed, 23 Jan 2019 21:37:57 GMT',
22 silly get     vary: 'accept-encoding, accept',
22 silly get     'x-amz-meta-rev': '1036-c5172b51a7fe7ac3dc65246bc8e59ee2',
22 silly get     server: 'cloudflare',
22 silly get     'content-encoding': 'gzip' } ]
23 verbose get saving bower to /home/nirajan/.npm/registry.npmjs.org/bower/.cache.json
24 silly install normalizeTree
25 silly loadCurrentTree Finishing
26 silly loadIdealTree Starting
27 silly install loadIdealTree
28 silly cloneCurrentTree Starting
29 silly install cloneCurrentTreeToIdealTree
30 silly cloneCurrentTree Finishing
31 silly loadShrinkwrap Starting
32 silly install loadShrinkwrap
33 silly loadShrinkwrap Finishing
34 silly loadAllDepsIntoIdealTree Starting
35 silly install loadAllDepsIntoIdealTree
36 silly resolveWithNewModule bower@1.8.8 checking installable status
37 silly cache add args [ 'bower', null ]
38 verbose cache add spec bower
39 silly cache add parsed spec Result {
39 silly cache add   raw: 'bower',
39 silly cache add   scope: null,
39 silly cache add   name: 'bower',
39 silly cache add   rawSpec: '',
39 silly cache add   spec: 'latest',
39 silly cache add   type: 'tag' }
40 silly addNamed bower@latest
41 verbose addNamed "latest" is being treated as a dist-tag for bower
42 info addNameTag [ 'bower', 'latest' ]
43 silly mapToRegistry name bower
44 silly mapToRegistry using default registry
45 silly mapToRegistry registry https://registry.npmjs.org/
46 silly mapToRegistry uri https://registry.npmjs.org/bower
47 verbose addNameTag registry:https://registry.npmjs.org/bower not in flight; fetching
48 verbose get https://registry.npmjs.org/bower not expired, no request
49 silly addNameTag next cb for bower with tag latest
50 silly addNamed bower@1.8.8
51 verbose addNamed "1.8.8" is a plain semver version for bower
52 silly mapToRegistry name bower
53 silly mapToRegistry using default registry
54 silly mapToRegistry registry https://registry.npmjs.org/
55 silly mapToRegistry uri https://registry.npmjs.org/bower
56 verbose addRemoteTarball https://registry.npmjs.org/bower/-/bower-1.8.8.tgz not in flight; adding
57 verbose addRemoteTarball [ 'https://registry.npmjs.org/bower/-/bower-1.8.8.tgz',
57 verbose addRemoteTarball   '82544be34a33aeae7efb8bdf9905247b2cffa985' ]
58 info retry fetch attempt 1 at 1:55:21 PM
59 info attempt registry request try #1 at 1:55:21 PM
60 http fetch GET https://registry.npmjs.org/bower/-/bower-1.8.8.tgz
61 http fetch 200 https://registry.npmjs.org/bower/-/bower-1.8.8.tgz
62 silly fetchAndShaCheck shasum 82544be34a33aeae7efb8bdf9905247b2cffa985
63 verbose addTmpTarball /tmp/npm-7817-c582dd7d/registry.npmjs.org/bower/-/bower-1.8.8.tgz not in flight; adding
64 verbose addTmpTarball already have metadata; skipping unpack for bower@1.8.8
65 silly cache afterAdd bower@1.8.8
66 verbose afterAdd /home/nirajan/.npm/bower/1.8.8/package/package.json not in flight; writing
67 verbose afterAdd /home/nirajan/.npm/bower/1.8.8/package/package.json written
68 silly loadAllDepsIntoIdealTree Finishing
69 silly idealTree:prePrune lib
69 silly idealTree:prePrune └── bower@1.8.8
70 silly loadIdealTree Finishing
71 silly currentTree lib
71 silly currentTree └── bower@1.8.4
72 silly idealTree lib
72 silly idealTree └── bower@1.8.8
73 silly generateActionsToTake Starting
74 silly install generateActionsToTake
75 warn checkPermissions Missing write access to /usr/local/lib/node_modules/bower
76 warn checkPermissions Missing write access to /usr/local/lib/node_modules
77 silly rollbackFailedOptional Starting
78 silly rollbackFailedOptional Finishing
79 silly runTopLevelLifecycles Starting
80 silly runTopLevelLifecycles Finishing
81 silly install printInstalled
82 verbose stack Error: EACCES: permission denied, access '/usr/local/lib/node_modules/bower'
83 verbose cwd /home/nirajan/PycharmProjects/sales/static
84 error Linux 4.15.0-44-generic
85 error argv "/usr/bin/node" "/usr/bin/npm" "i" "-g" "bower"
86 error node v8.10.0
87 error npm  v3.5.2
88 error path /usr/local/lib/node_modules/bower
89 error code EACCES
90 error errno -13
91 error syscall access
92 error Error: EACCES: permission denied, access '/usr/local/lib/node_modules/bower'
92 error  { Error: EACCES: permission denied, access '/usr/local/lib/node_modules/bower'
92 error   errno: -13,
92 error   code: 'EACCES',
92 error   syscall: 'access',
92 error   path: '/usr/local/lib/node_modules/bower' }
93 error Please try running this command again as root/Administrator.
94 verbose exit [ -13, true ]
